<?xml version="1.0" encoding="UTF-8"?>
<testsuite name="plc.examples.AccountTests" tests="1" skipped="0" failures="0" errors="0" timestamp="2022-05-11T03:19:06" hostname="Bs-MacBook-Pro" time="0.025">
  <properties/>
  <testcase name="testPassed()" classname="plc.examples.AccountTests" time="0.025"/>
  <system-out><![CDATA[]]></system-out>
  <system-err><![CDATA[]]></system-err>
</testsuite>
