<?xml version="1.0" encoding="UTF-8"?>
<testsuite name="plc.homework.RegexTests" tests="5" skipped="0" failures="0" errors="0" timestamp="2022-05-27T01:57:35" hostname="DESKUSMACHINA" time="0.046">
  <properties/>
  <testcase name="[1] correct, &lt;=, true" classname="plc.homework.RegexTests" time="0.037"/>
  <testcase name="[2] correct, ==, true" classname="plc.homework.RegexTests" time="0.001"/>
  <testcase name="[3] incorrect, &lt;-, false" classname="plc.homework.RegexTests" time="0.001"/>
  <testcase name="[4] incorrect, &lt;-, false" classname="plc.homework.RegexTests" time="0.001"/>
  <testcase name="[5] incorrect, &lt;&#10;, false" classname="plc.homework.RegexTests" time="0.0"/>
  <system-out><![CDATA[]]></system-out>
  <system-err><![CDATA[]]></system-err>
</testsuite>
